0 info it worked if it ends with ok
1 verbose cli [ 'node', '/usr/local/bin/npm', 'install' ]
2 info using npm@1.4.28
3 info using node@v0.10.32
4 verbose readDependencies using package.json deps
5 verbose install where, deps [ '/Users/jalal/projects/web/frontend/test',
5 verbose install   [ 'bower',
5 verbose install     'gulp',
5 verbose install     'gulp-bower',
5 verbose install     'gulp-notify',
5 verbose install     'gulp-ruby-sass',
5 verbose install     'gulp-sass',
5 verbose install     'http-server',
5 verbose install     'karma',
5 verbose install     'karma-junit-reporter',
5 verbose install     'protractor',
5 verbose install     'shelljs' ] ]
6 info preinstall angular-seed@0.0.0
7 warn package.json karma-phantomjs-launcher@0.1.4 No README data
8 verbose readDependencies using package.json deps
9 verbose already installed skipping bower@^1.3.1 /Users/jalal/projects/web/frontend/test
10 verbose already installed skipping gulp@^3.8.11 /Users/jalal/projects/web/frontend/test
11 verbose already installed skipping gulp-bower@0.0.10 /Users/jalal/projects/web/frontend/test
12 verbose already installed skipping gulp-notify@^2.2.0 /Users/jalal/projects/web/frontend/test
13 verbose already installed skipping gulp-ruby-sass@^1.0.5 /Users/jalal/projects/web/frontend/test
14 verbose already installed skipping gulp-sass@^2.0.1 /Users/jalal/projects/web/frontend/test
15 verbose already installed skipping http-server@^0.6.1 /Users/jalal/projects/web/frontend/test
16 verbose already installed skipping karma@~0.10 /Users/jalal/projects/web/frontend/test
17 verbose already installed skipping karma-junit-reporter@^0.2.2 /Users/jalal/projects/web/frontend/test
18 verbose already installed skipping protractor@^1.1.1 /Users/jalal/projects/web/frontend/test
19 verbose already installed skipping shelljs@^0.2.6 /Users/jalal/projects/web/frontend/test
20 silly resolved []
21 info build /Users/jalal/projects/web/frontend/test
22 verbose linkStuff [ false, false, false, '/Users/jalal/projects/web/frontend' ]
23 info linkStuff angular-seed@0.0.0
24 verbose linkBins angular-seed@0.0.0
25 verbose linkMans angular-seed@0.0.0
26 verbose rebuildBundles angular-seed@0.0.0
27 verbose rebuildBundles [ '.bin',
27 verbose rebuildBundles   'bower',
27 verbose rebuildBundles   'gulp',
27 verbose rebuildBundles   'gulp-bower',
27 verbose rebuildBundles   'gulp-copy',
27 verbose rebuildBundles   'gulp-notify',
27 verbose rebuildBundles   'gulp-ruby-sass',
27 verbose rebuildBundles   'gulp-sass',
27 verbose rebuildBundles   'http-server',
27 verbose rebuildBundles   'karma',
27 verbose rebuildBundles   'karma-chrome-launcher',
27 verbose rebuildBundles   'karma-coffee-preprocessor',
27 verbose rebuildBundles   'karma-firefox-launcher',
27 verbose rebuildBundles   'karma-html2js-preprocessor',
27 verbose rebuildBundles   'karma-jasmine',
27 verbose rebuildBundles   'karma-junit-reporter',
27 verbose rebuildBundles   'karma-phantomjs-launcher',
27 verbose rebuildBundles   'karma-requirejs',
27 verbose rebuildBundles   'karma-script-launcher',
27 verbose rebuildBundles   'protractor',
27 verbose rebuildBundles   'requirejs',
27 verbose rebuildBundles   'shelljs' ]
28 verbose rebuild bundle /Users/jalal/projects/web/frontend/test/node_modules/gulp-copy
29 info build /Users/jalal/projects/web/frontend/test/node_modules/gulp-copy
30 info preinstall gulp-copy@0.0.2
31 verbose linkStuff [ false,
31 verbose linkStuff   false,
31 verbose linkStuff   false,
31 verbose linkStuff   '/Users/jalal/projects/web/frontend/test/node_modules' ]
32 info linkStuff gulp-copy@0.0.2
33 verbose linkBins gulp-copy@0.0.2
34 verbose linkMans gulp-copy@0.0.2
35 verbose rebuildBundles gulp-copy@0.0.2
36 verbose rebuildBundles [ 'gulp-util', 'through' ]
37 info install gulp-copy@0.0.2
38 info postinstall gulp-copy@0.0.2
39 verbose rebuild bundle /Users/jalal/projects/web/frontend/test/node_modules/karma-chrome-launcher
40 info build /Users/jalal/projects/web/frontend/test/node_modules/karma-chrome-launcher
41 info preinstall karma-chrome-launcher@0.1.12
42 verbose linkStuff [ false,
42 verbose linkStuff   false,
42 verbose linkStuff   false,
42 verbose linkStuff   '/Users/jalal/projects/web/frontend/test/node_modules' ]
43 info linkStuff karma-chrome-launcher@0.1.12
44 verbose linkBins karma-chrome-launcher@0.1.12
45 verbose linkMans karma-chrome-launcher@0.1.12
46 verbose rebuildBundles karma-chrome-launcher@0.1.12
47 verbose rebuildBundles [ '.bin', 'which' ]
48 info install karma-chrome-launcher@0.1.12
49 info postinstall karma-chrome-launcher@0.1.12
50 verbose rebuild bundle /Users/jalal/projects/web/frontend/test/node_modules/karma-coffee-preprocessor
51 info build /Users/jalal/projects/web/frontend/test/node_modules/karma-coffee-preprocessor
52 info preinstall karma-coffee-preprocessor@0.1.3
53 verbose linkStuff [ false,
53 verbose linkStuff   false,
53 verbose linkStuff   false,
53 verbose linkStuff   '/Users/jalal/projects/web/frontend/test/node_modules' ]
54 info linkStuff karma-coffee-preprocessor@0.1.3
55 verbose linkBins karma-coffee-preprocessor@0.1.3
56 verbose linkMans karma-coffee-preprocessor@0.1.3
57 verbose rebuildBundles karma-coffee-preprocessor@0.1.3
58 verbose rebuildBundles [ '.bin', 'coffee-script' ]
59 info install karma-coffee-preprocessor@0.1.3
60 info postinstall karma-coffee-preprocessor@0.1.3
61 verbose rebuild bundle /Users/jalal/projects/web/frontend/test/node_modules/karma-firefox-launcher
62 info build /Users/jalal/projects/web/frontend/test/node_modules/karma-firefox-launcher
63 info preinstall karma-firefox-launcher@0.1.6
64 verbose linkStuff [ false,
64 verbose linkStuff   false,
64 verbose linkStuff   false,
64 verbose linkStuff   '/Users/jalal/projects/web/frontend/test/node_modules' ]
65 info linkStuff karma-firefox-launcher@0.1.6
66 verbose linkBins karma-firefox-launcher@0.1.6
67 verbose linkMans karma-firefox-launcher@0.1.6
68 verbose rebuildBundles karma-firefox-launcher@0.1.6
69 info install karma-firefox-launcher@0.1.6
70 info postinstall karma-firefox-launcher@0.1.6
71 verbose rebuild bundle /Users/jalal/projects/web/frontend/test/node_modules/karma-html2js-preprocessor
72 info build /Users/jalal/projects/web/frontend/test/node_modules/karma-html2js-preprocessor
73 info preinstall karma-html2js-preprocessor@0.1.0
74 verbose linkStuff [ false,
74 verbose linkStuff   false,
74 verbose linkStuff   false,
74 verbose linkStuff   '/Users/jalal/projects/web/frontend/test/node_modules' ]
75 info linkStuff karma-html2js-preprocessor@0.1.0
76 verbose linkBins karma-html2js-preprocessor@0.1.0
77 verbose linkMans karma-html2js-preprocessor@0.1.0
78 verbose rebuildBundles karma-html2js-preprocessor@0.1.0
79 info install karma-html2js-preprocessor@0.1.0
80 info postinstall karma-html2js-preprocessor@0.1.0
81 verbose rebuild bundle /Users/jalal/projects/web/frontend/test/node_modules/karma-jasmine
82 info build /Users/jalal/projects/web/frontend/test/node_modules/karma-jasmine
83 info preinstall karma-jasmine@0.1.5
84 verbose linkStuff [ false,
84 verbose linkStuff   false,
84 verbose linkStuff   false,
84 verbose linkStuff   '/Users/jalal/projects/web/frontend/test/node_modules' ]
85 info linkStuff karma-jasmine@0.1.5
86 verbose linkBins karma-jasmine@0.1.5
87 verbose linkMans karma-jasmine@0.1.5
88 verbose rebuildBundles karma-jasmine@0.1.5
89 info install karma-jasmine@0.1.5
90 info postinstall karma-jasmine@0.1.5
91 verbose rebuild bundle /Users/jalal/projects/web/frontend/test/node_modules/karma-phantomjs-launcher
92 info build /Users/jalal/projects/web/frontend/test/node_modules/karma-phantomjs-launcher
93 info preinstall karma-phantomjs-launcher@0.1.4
94 verbose linkStuff [ false,
94 verbose linkStuff   false,
94 verbose linkStuff   false,
94 verbose linkStuff   '/Users/jalal/projects/web/frontend/test/node_modules' ]
95 info linkStuff karma-phantomjs-launcher@0.1.4
96 verbose linkBins karma-phantomjs-launcher@0.1.4
97 verbose linkMans karma-phantomjs-launcher@0.1.4
98 verbose rebuildBundles karma-phantomjs-launcher@0.1.4
99 verbose rebuildBundles [ '.bin', 'phantomjs' ]
100 info install karma-phantomjs-launcher@0.1.4
101 info postinstall karma-phantomjs-launcher@0.1.4
102 verbose rebuild bundle /Users/jalal/projects/web/frontend/test/node_modules/karma-requirejs
103 info build /Users/jalal/projects/web/frontend/test/node_modules/karma-requirejs
104 info preinstall karma-requirejs@0.2.2
105 verbose linkStuff [ false,
105 verbose linkStuff   false,
105 verbose linkStuff   false,
105 verbose linkStuff   '/Users/jalal/projects/web/frontend/test/node_modules' ]
106 info linkStuff karma-requirejs@0.2.2
107 verbose linkBins karma-requirejs@0.2.2
108 verbose linkMans karma-requirejs@0.2.2
109 verbose rebuildBundles karma-requirejs@0.2.2
110 info install karma-requirejs@0.2.2
111 info postinstall karma-requirejs@0.2.2
112 verbose rebuild bundle /Users/jalal/projects/web/frontend/test/node_modules/karma-script-launcher
113 info build /Users/jalal/projects/web/frontend/test/node_modules/karma-script-launcher
114 info preinstall karma-script-launcher@0.1.0
115 verbose linkStuff [ false,
115 verbose linkStuff   false,
115 verbose linkStuff   false,
115 verbose linkStuff   '/Users/jalal/projects/web/frontend/test/node_modules' ]
116 info linkStuff karma-script-launcher@0.1.0
117 verbose linkBins karma-script-launcher@0.1.0
118 verbose linkMans karma-script-launcher@0.1.0
119 verbose rebuildBundles karma-script-launcher@0.1.0
120 info install karma-script-launcher@0.1.0
121 info postinstall karma-script-launcher@0.1.0
122 verbose rebuild bundle /Users/jalal/projects/web/frontend/test/node_modules/requirejs
123 info build /Users/jalal/projects/web/frontend/test/node_modules/requirejs
124 info preinstall requirejs@2.1.17
125 verbose linkStuff [ false,
125 verbose linkStuff   false,
125 verbose linkStuff   false,
125 verbose linkStuff   '/Users/jalal/projects/web/frontend/test/node_modules' ]
126 info linkStuff requirejs@2.1.17
127 verbose linkBins requirejs@2.1.17
128 verbose link bins [ { 'r.js': './bin/r.js' },
128 verbose link bins   '/Users/jalal/projects/web/frontend/test/node_modules/.bin',
128 verbose link bins   false ]
129 verbose linkMans requirejs@2.1.17
130 verbose rebuildBundles requirejs@2.1.17
131 error Error: EACCES, unlink '/Users/jalal/projects/web/frontend/test/node_modules/.bin/r.js'
131 error  { [Error: EACCES, unlink '/Users/jalal/projects/web/frontend/test/node_modules/.bin/r.js']
131 error   errno: 3,
131 error   code: 'EACCES',
131 error   path: '/Users/jalal/projects/web/frontend/test/node_modules/.bin/r.js' }
132 error Please try running this command again as root/Administrator.
133 error System Darwin 14.3.0
134 error command "node" "/usr/local/bin/npm" "install"
135 error cwd /Users/jalal/projects/web/frontend/test
136 error node -v v0.10.32
137 error npm -v 1.4.28
138 error path /Users/jalal/projects/web/frontend/test/node_modules/.bin/r.js
139 error code EACCES
140 error errno 3
141 error stack Error: EACCES, unlink '/Users/jalal/projects/web/frontend/test/node_modules/.bin/r.js'
142 verbose exit [ 3, true ]
